<?xml version="1.0" encoding="UTF-8"?>
<testng-results ignored="0" total="4" passed="4" failed="0" skipped="0">
  <reporter-output>
  </reporter-output>
  <suite started-at="2022-05-24T22:27:46 IST" name="Default suite" finished-at="2022-05-24T22:30:11 IST" duration-ms="144887">
    <groups>
    </groups>
    <test started-at="2022-05-24T22:27:46 IST" name="Default test" finished-at="2022-05-24T22:30:11 IST" duration-ms="144887">
      <class name="com.wipro.testcases.TC05">
        <test-method is-config="true" signature="setup()[pri:0, instance:com.wipro.testcases.TC05@708f5957]" started-at="2022-05-24T22:27:46 IST" name="setup" finished-at="2022-05-24T22:27:55 IST" duration-ms="8844" status="PASS">
          <reporter-output>
          </reporter-output>
        </test-method> <!-- setup -->
        <test-method signature="giftvoucher()[pri:1, instance:com.wipro.testcases.TC05@708f5957]" started-at="2022-05-24T22:27:55 IST" name="giftvoucher" finished-at="2022-05-24T22:28:16 IST" duration-ms="20946" status="PASS">
          <reporter-output>
          </reporter-output>
        </test-method> <!-- giftvoucher -->
        <test-method is-config="true" signature="teardown()[pri:0, instance:com.wipro.testcases.TC05@708f5957]" started-at="2022-05-24T22:28:16 IST" name="teardown" finished-at="2022-05-24T22:28:16 IST" duration-ms="211" status="PASS">
          <reporter-output>
          </reporter-output>
        </test-method> <!-- teardown -->
        <test-method is-config="true" signature="setup()[pri:0, instance:com.wipro.testcases.TC05@708f5957]" started-at="2022-05-24T22:28:16 IST" name="setup" finished-at="2022-05-24T22:28:25 IST" duration-ms="8477" status="PASS">
          <reporter-output>
          </reporter-output>
        </test-method> <!-- setup -->
        <test-method signature="customerservice()[pri:2, instance:com.wipro.testcases.TC05@708f5957]" started-at="2022-05-24T22:28:25 IST" name="customerservice" finished-at="2022-05-24T22:28:34 IST" duration-ms="9673" status="PASS">
          <reporter-output>
          </reporter-output>
        </test-method> <!-- customerservice -->
        <test-method is-config="true" signature="teardown()[pri:0, instance:com.wipro.testcases.TC05@708f5957]" started-at="2022-05-24T22:28:34 IST" name="teardown" finished-at="2022-05-24T22:28:35 IST" duration-ms="215" status="PASS">
          <reporter-output>
          </reporter-output>
        </test-method> <!-- teardown -->
        <test-method is-config="true" signature="setup()[pri:0, instance:com.wipro.testcases.TC05@708f5957]" started-at="2022-05-24T22:28:35 IST" name="setup" finished-at="2022-05-24T22:28:41 IST" duration-ms="6441" status="PASS">
          <reporter-output>
          </reporter-output>
        </test-method> <!-- setup -->
        <test-method signature="accountupdate()[pri:3, instance:com.wipro.testcases.TC05@708f5957]" started-at="2022-05-24T22:28:41 IST" name="accountupdate" finished-at="2022-05-24T22:30:03 IST" duration-ms="81687" status="PASS">
          <reporter-output>
          </reporter-output>
        </test-method> <!-- accountupdate -->
        <test-method is-config="true" signature="teardown()[pri:0, instance:com.wipro.testcases.TC05@708f5957]" started-at="2022-05-24T22:30:03 IST" name="teardown" finished-at="2022-05-24T22:30:03 IST" duration-ms="118" status="PASS">
          <reporter-output>
          </reporter-output>
        </test-method> <!-- teardown -->
        <test-method is-config="true" signature="setup()[pri:0, instance:com.wipro.testcases.TC05@708f5957]" started-at="2022-05-24T22:30:03 IST" name="setup" finished-at="2022-05-24T22:30:10 IST" duration-ms="6740" status="PASS">
          <reporter-output>
          </reporter-output>
        </test-method> <!-- setup -->
        <test-method signature="logout()[pri:4, instance:com.wipro.testcases.TC05@708f5957]" started-at="2022-05-24T22:30:10 IST" name="logout" finished-at="2022-05-24T22:30:11 IST" duration-ms="1344" status="PASS">
          <reporter-output>
          </reporter-output>
        </test-method> <!-- logout -->
        <test-method is-config="true" signature="teardown()[pri:0, instance:com.wipro.testcases.TC05@708f5957]" started-at="2022-05-24T22:30:11 IST" name="teardown" finished-at="2022-05-24T22:30:11 IST" duration-ms="114" status="PASS">
          <reporter-output>
          </reporter-output>
        </test-method> <!-- teardown -->
      </class> <!-- com.wipro.testcases.TC05 -->
    </test> <!-- Default test -->
  </suite> <!-- Default suite -->
</testng-results>
